<?xml version="1.0" encoding="UTF-8"?>
<testsuite name="study.algorithm.LeetCode74" tests="1" skipped="0" failures="0" errors="0" timestamp="2021-06-18T13:30:04" hostname="jin-AB350M-Gaming-3" time="0.033">
  <properties/>
  <testcase name="case_2()" classname="study.algorithm.LeetCode74" time="0.033"/>
  <system-out><![CDATA[]]></system-out>
  <system-err><![CDATA[]]></system-err>
</testsuite>
