<?xml version="1.0" encoding="UTF-8"?>
<testsuite name="study.algorithm.LeetCode815" tests="1" skipped="0" failures="0" errors="0" timestamp="2021-05-19T06:08:39" hostname="jin-AB350M-Gaming-3" time="0.034">
  <properties/>
  <testcase name="test_1()" classname="study.algorithm.LeetCode815" time="0.034"/>
  <system-out><![CDATA[]]></system-out>
  <system-err><![CDATA[]]></system-err>
</testsuite>
